Drill Listing
=============
Drill: .01181  Tool: 1  Feed: 0  Speed: 0
X 119685  Y 103937
X 122795  Y 107086
X 125590  Y 127559
X 117716  Y 131496
X 125590  Y 151181
X 118110  Y 159055
X 117716  Y 170866
X 122795  Y 175314
X 117716  Y 186614
X 128464  Y 200748
X 117716  Y 202362
X 128503  Y 215314
X 119685  Y 222047
X 119685  Y 231102
X 119685  Y 237795
X 119685  Y 245669
X 119685  Y 253543
X 139370  Y 253543
X 154606  Y 243622
X 141614  Y 237283
X 142519  Y 229251
X 149055  Y 226811
X 136338  Y 223031
X 139251  Y 217165
X 144055  Y 215984
X 149094  Y 209645
X 139212  Y 198464
X 146692  Y 194881
X 139566  Y 187598
X 149212  Y 181692
X 139566  Y 173385
X 146614  Y 160000
X 146653  Y 151889
X 150354  Y 146771
X 153149  Y 127952
X 142125  Y 127559
X 141338  Y 103937
X 161023  Y 103937
X 162106  Y 107086
X 176771  Y 123622
X 164960  Y 127559
X 159055  Y 141338
X 170866  Y 143307
X 171850  Y 155118
X 167913  Y 173031
X 173818  Y 177755
X 174803  Y 185629
X 162795  Y 192913
X 175196  Y 192913
X 173228  Y 195669
X 160826  Y 195866
X 174803  Y 198818
X 162795  Y 198818
X 160826  Y 201968
X 173622  Y 202165
X 161811  Y 205314
X 174803  Y 205314
X 157775  Y 210944
X 164566  Y 214566
X 172637  Y 215354
X 171456  Y 220472
X 159055  Y 253543
X 200393  Y 253543
X 180708  Y 253543
X 189015  Y 223425
X 201181  Y 222637
X 194488  Y 222047
X 181692  Y 204330
X 203346  Y 204330
X 191535  Y 204330
X 203346  Y 187598
X 186614  Y 177755
X 199212  Y 175984
X 188976  Y 164960
X 204330  Y 164960
X 196456  Y 162992
X 180905  Y 161614
X 192519  Y 151181
X 192480  Y 144055
X 203149  Y 136220
X 190551  Y 123622
X 183267  Y 121023
X 200393  Y 103937
X 220078  Y 103937
X 213700  Y 114015
X 205905  Y 126377
X 206299  Y 132283
X 213385  Y 135629
X 206692  Y 148425
X 211023  Y 151181
X 213779  Y 157480
X 220275  Y 162716
X 209055  Y 165354
X 223622  Y 165708
X 229133  Y 166141
X 217519  Y 167125
X 211811  Y 167716
X 206102  Y 184153
X 218582  Y 187992
X 221023  Y 191181
X 223700  Y 195866
X 206003  Y 208169
X 211220  Y 211220
X 215354  Y 214173
X 224409  Y 218307
X 222244  Y 222047
X 210866  Y 228897
X 214173  Y 237795
X 229921  Y 253543
X 218110  Y 253543
X 233858  Y 245669
X 234251  Y 226377
X 233464  Y 217913
X 234448  Y 210629
X 231102  Y 191338
X 231692  Y 182874
X 231889  Y 174803
X 233858  Y 153149
X 233858  Y 143307
X 233858  Y 135433
X 233858  Y 123622
X 233858  Y 103937
Drill: .01969  Tool: 2  Feed: 0  Speed: 0
X 138385  Y 245472
X 143307  Y 245472
Drill: .0315  Tool: 3  Feed: 0  Speed: 0
X 105078  Y 103937
X 112952  Y 103937
X 105078  Y 111811
X 112952  Y 111811
X 105078  Y 119685
X 112952  Y 119685
X 105078  Y 127559
X 112952  Y 127559
X 105078  Y 135433
X 112952  Y 135433
X 105078  Y 143307
X 112952  Y 143307
X 105078  Y 151181
X 112952  Y 151181
X 105078  Y 159055
X 112952  Y 159055
X 105078  Y 166929
X 112952  Y 166929
X 105078  Y 174803
X 112952  Y 174803
X 105078  Y 182677
X 112952  Y 182677
X 105078  Y 190551
X 112952  Y 190551
X 105078  Y 198425
X 112952  Y 198425
X 105078  Y 206299
X 112952  Y 206299
X 105078  Y 214173
X 112952  Y 214173
X 105078  Y 222047
X 112952  Y 222047
X 105078  Y 229921
X 112952  Y 229921
X 105078  Y 237795
X 112952  Y 237795
X 105078  Y 245669
X 112952  Y 245669
X 105078  Y 253543
X 112952  Y 253543
X 240590  Y 253543
X 248464  Y 253543
X 240590  Y 245669
X 248464  Y 245669
X 240590  Y 237795
X 248464  Y 237795
X 240590  Y 229921
X 248464  Y 229921
X 240590  Y 222047
X 248464  Y 222047
X 240590  Y 214173
X 248464  Y 214173
X 240590  Y 206299
X 248464  Y 206299
X 240590  Y 198425
X 248464  Y 198425
X 240590  Y 190551
X 248464  Y 190551
X 240590  Y 182677
X 248464  Y 182677
X 240590  Y 174803
X 248464  Y 174803
X 240590  Y 166929
X 248464  Y 166929
X 240590  Y 159055
X 248464  Y 159055
X 240590  Y 151181
X 248464  Y 151181
X 240590  Y 143307
X 248464  Y 143307
X 240590  Y 135433
X 248464  Y 135433
X 240590  Y 127559
X 248464  Y 127559
X 240590  Y 119685
X 248464  Y 119685
X 240590  Y 111811
X 248464  Y 111811
X 240590  Y 103937
X 248464  Y 103937
Drill: .04016  Tool: 4  Feed: 0  Speed: 0
X 165688  Y 238799
X 175688  Y 238799
X 165688  Y 248799
X 175688  Y 248799
X 185688  Y 248799
X 195688  Y 248799
X 205688  Y 248799
X 185688  Y 238799
X 205688  Y 238799
X 195688  Y 238799
End of Listing
