AutoECO Report
FILE-A: C:\ORCAD\ORCAD_10.5\TOOLS\LAYOUT_PLUS\DATA\DEFAULT.TCH
FILE-B: Z:\CONTROLBOARD_PROJECT\CAD\CONTROLBOARD_CAD.MNL
If "*EOF*" immediately follows, no changes were made
Adding footprint AX/RC05
Adding footprint BLKCON.100/VH/TM1SQ/W.100/4
Adding footprint JUMPER100
Adding footprint DIP.100/8/W.300/L.400
Adding footprint RAD/CK05
Adding footprint DIP.100/16/W.300/L.800
Adding footprint ML-CAP-NORMAL
Adding footprint DIP.100/14/W.300/L.700
Adding footprint BLKCON.100/VH/TM1SQ/W.100/6
Adding footprint LIB.DSL/HEADER/2MM.40
Adding footprint LIB.DSL/TERMINAL/7.62/6
Adding package R
Adding package MOLEX_5267_4
Adding package B2S
Adding package IC_SOCKET_8
Adding package C
Adding package LED_ARRAY_8_KB1008SR
Adding package CAP_POL
Adding package IC_SOCKET_14
Adding package MOLEX_5267_6
Adding package IC_SOCKET_16
Adding package C:\WORK\LFKW_POWER\CAD\LFKW_POWER\LIBRARY1.OLB/IC_SOCKET_16
Adding package CONNECTOR_EDGE_20X2
Adding package TERMINAL_BLOCK_6_7.62
Adding component R69
Adding component R22
Adding component R85
Adding component J1
Adding component R46
Adding component J27
Adding component U9
Adding component R2
Adding component J24
Adding component R54
Adding component R27
Adding component C8
Adding component R8
Adding component R93
Adding component R24
Adding component U20
Adding component U1
Adding component C9
Adding component C19
Adding component R90
Adding component U5
Adding component R9
Adding component J23
Adding component R25
Adding component R48
Adding component R53
Adding component R12
Adding component C17
Adding component R7
Adding component R92
Adding component R51
Adding component C10
Adding component C1
Adding component J3
Adding component R76
Adding component R81
Adding component R34
Adding component R14
Adding component R55
Adding component C13
Adding component R31
Adding component R79
Adding component C15
Adding component J13
Adding component C2
Adding component J2
Adding component U18
Adding component R64
Adding component R42
Adding component U2
Adding component R28
Adding component C4
Adding component J15
Adding component U21
Adding component R67
Adding component R75
Adding component U7
Adding component R17
Adding component R30
Adding component U13
Adding component R77
Adding component R57
Adding component R72
Adding component J8
Adding component R43
Adding component R88
Adding component C3
Adding component R19
Adding component J17
Adding component U15
Adding component R98
Adding component C12
Adding component U3
Adding component R49
Adding component U22
Adding component R58
Adding component R20
Adding component J18
Adding component R1
Adding component J28
Adding component R44
Adding component R70
Adding component R66
Adding component U8
Adding component R60
Adding component R86
Adding component C7
Adding component J12
Adding component R21
Adding component R11
Adding component U12
Adding component R47
Adding component R40
Adding component U6
Adding component J4
Adding component R52
Adding component R84
Adding component J21
Adding component R59
Adding component R35
Adding component J31
Adding component R23
Adding component R87
Adding component J7
Adding component R26
Adding component J32
Adding component J19
Adding component R62
Adding component R3
Adding component C18
Adding component R36
Adding component R78
Adding component R32
Adding component R16
Adding component J26
Adding component R89
Adding component C5
Adding component R15
Adding component J14
Adding component R13
Adding component R29
Adding component C20
Adding component R96
Adding component J22
Adding component C6
Adding component J29
Adding component R91
Adding component J6
Adding component U16
Adding component R73
Adding component U4
Adding component J11
Adding component R63
Adding component J16
Adding component J33
Adding component R50
Adding component J20
Adding component R68
Adding component R56
Adding component R65
Adding component R95
Adding component R18
Adding component R80
Adding component R37
Adding component R71
Adding component J10
Adding component R4
Adding component R38
Adding component U14
Adding component R82
Adding component J9
Adding component C16
Adding component J30
Adding component R39
Adding component U10
Adding component U17
Adding component C21
Adding component R5
Adding component R6
Adding component R94
Adding component U11
Adding component C14
Adding component R74
Adding component R41
Adding component R61
Adding component J5
Adding component R83
Adding component R97
Adding component R33
Adding component U19
Adding component R10
Adding component C11
Adding component J25
Adding component R45
Adding net N124659
Adding net IN1_STOP
Adding net PIN_OUT14_1
Adding net IN5
Adding net SPIB_CS0
Adding net OUT6_PURGEV
Adding net IN0_START
Adding net N578175
Adding net PIN_OUT13_2
Adding net PIN_TXD_DSUB
Adding net SPIB_SIMO
Adding net PIN_AD4_PIRANI+
Adding net PIN_OUT12_2
Adding net N196967
Adding net N244599
Adding net N123295
Adding net PIN_OUT13_1
Adding net IN4
Adding net SPIB_CS2
Adding net PIN_DA7
Adding net N92429
Adding net OUT1_GV1
Adding net N236697
Adding net N125635
Adding net PIN_OUT0_GV0
Adding net N86827
Adding net VCC_MFC+
Adding net N217827
Adding net PIN_DA6
Adding net PIN_AD5+
Adding net OUT3_GV3
Adding net OUT2_GV2
Adding net IN3
Adding net N163668
Adding net N591179
Adding net IN2
Adding net PIN_IN4
Adding net VCC_24V
Adding net PIN_DA2_MFC2
Adding net VCC_5V
Adding net N591163
Adding net N244913
Adding net N175525
Adding net PIN_OUT9_LED_STOP
Adding net N125601
Adding net AD7
Adding net PIN_IN0_START
Adding net PIN_OUT11_1
Adding net PIN_AD0_MFC0+
Adding net N175876
Adding net N184218
Adding net PIN_OUT10_2
Adding net N527982
Adding net PIN_OUT11_2
Adding net OUT15
Adding net PIN_OUT8_LED_START
Adding net OUT14
Adding net N87450
Adding net N23463
Adding net PIN_OUT10_1
Adding net N92368
Adding net N124983
Adding net N23435
Adding net AD6
Adding net N225403
Adding net N244873
Adding net N124307
Adding net AD0_MFC0
Adding net GND_MFC
Adding net N197027
Adding net PIN_OUT6_PURGEV
Adding net N123323
Adding net SPIB_CS3
Adding net N23619
Adding net PIN_OUT5_PUMPV2
Adding net N125809
Adding net N165745
Adding net N578191
Adding net PIN_IN3
Adding net N184394
Adding net PIN_DA1_MFC1
Adding net N125735
Adding net N23535
Adding net PIN_OUT4_PUMPV1
Adding net PIN_OUT3_GV3
Adding net OUT5_PUMPV2
Adding net PIN_DA5
Adding net N165461
Adding net OUT4_PUMPV1
Adding net N184380
Adding net PIN_IN2
Adding net N197127
Adding net PIN_OUT2_GV2
Adding net N125713
Adding net PIN_RXD_DSUB
Adding net PIN_OUT1_GV1
Adding net OUT0_GV0
Adding net N165181
Adding net PIN_AD2_MFC2+
Adding net PIN_IN1_STOP
Adding net N245215
Adding net N184326
Adding net N124623
Adding net N591335
Adding net N23503
Adding net N125959
Adding net N23615
Adding net N184280
Adding net N23467
Adding net PIN_OUT12_1
Adding net PIN_AD1_MFC1+
Adding net N124343
Adding net PIN_DA3_MFC3
Adding net N184536
Adding net N86541
Adding net PIN_IN7
Adding net VCC_MFC-
Adding net N125937
Adding net AD2_MFC2
Adding net N175180
Adding net N245025
Adding net PIN_AD3_MFC3+
Adding net N184498
Adding net N171274
Adding net PIN_AD0_MFC0-
Adding net PIN_IN6
Adding net N125859
Adding net N245191
Adding net PIN_OUT7_VENTV
Adding net VCC_+15V
Adding net VCC_-15V
Adding net N728697
Adding net N727029
Adding net N728673
Adding net N727637
Adding net N728649
Adding net N727677
Adding net N727629
Adding net N753101
Adding net N440237
Adding net N753229
Adding net N727197
Adding net N753205
Adding net N753197
Adding net N436374
Adding net N753157
Adding net N753133
Adding net N440233
Adding net N753109
Adding net N728641
Adding net N727367
Adding net N728617
Adding net N728545
Adding net N728577
Adding net N728569
Adding net N753237
Adding net N436410
Adding net N727605
Adding net N726462
Adding net OUT13
Adding net N184444
Adding net N197211
Adding net SPIB_CLK
Adding net OUT9_LED_STOP
Adding net PIN_IN5
Adding net PIN_DA4
Adding net PIN_OUT15_2
Adding net AD3_MFC3
Adding net OUT12
Adding net N244945
Adding net SPIB_CS1
Adding net PIN_OUT14_2
Adding net PIN_DA0_MFC0
Adding net N591351
Adding net SCIB_RX
Adding net OUT11
Adding net PIN_OUT15_1
Adding net OUT10
Adding net N124947
Adding net AD1_MFC1
Adding net IN7
Adding net PIN_AD6+
Adding net OUT8_LED_START
Adding net AD4_PIRANI
Adding net PIN_AD7+
Adding net OUT7_VENTV
Adding net AD5
Adding net IN6
Adding net SCIB_TX
Adding net N307199
Adding net N236657
Adding net N244833
Deleting net DEFAULT
*EOF*
No errors found
