Post Processor Report
OrCAD FILE: Z:\CONTROLBOARD_PROJECT\CAD\CONTROLBOARD_CAD-23.MAX
Thu Jun 26 15:04:02 2014

*********************************************************

Output file: Z:\CONTROLBOARD_PROJECT\CAD\CONTROLBOARD_CAD-23.TOP

Aperture totals for Z:\CONTROLBOARD_PROJECT\CAD\CONTROLBOARD_CAD-23.TOP:
---------------------------------------------------------
D10:  0.0520 ROUND  --       0 Draws,     206 Flashes
D11:  0.0550 ROUND  --       0 Draws,      32 Flashes
D12:  0.0620 ROUND  --       0 Draws,      20 Flashes
D13:  0.1100 ROUND  --       0 Draws,       6 Flashes
D14:  0.0580 ROUND  --       0 Draws,     369 Flashes
D15:  0.0580 SQUARE --       0 Draws,      51 Flashes
D16:  0.2047 ROUND  --       0 Draws,       4 Flashes
D17:  0.0010 ROUND  --    2405 Draws,       0 Flashes
D18:  0.0120 ROUND  --    1109 Draws,       0 Flashes
D19:  0.0250 ROUND  --       0 Draws,     170 Flashes
D20:  0.0500 ROUND  --     219 Draws,       0 Flashes
D21:  0.0800 ROUND  --      49 Draws,       0 Flashes
D22:  0.0250 ROUND  --       0 Draws,       2 Flashes
---------------------------------------------------------
 13 D-Codes      -----    3782 Draws,     860 Flashes

*********************************************************

Output file: Z:\CONTROLBOARD_PROJECT\CAD\CONTROLBOARD_CAD-23.BOT

Aperture totals for Z:\CONTROLBOARD_PROJECT\CAD\CONTROLBOARD_CAD-23.BOT:
---------------------------------------------------------
D18:  0.0120 ROUND  --    1115 Draws,       0 Flashes
D19:  0.0250 ROUND  --       0 Draws,     170 Flashes
D20:  0.0500 ROUND  --     297 Draws,       0 Flashes
D21:  0.0800 ROUND  --      75 Draws,       0 Flashes
D22:  0.0250 ROUND  --       0 Draws,       2 Flashes
D23:  0.0520 ROUND  --       0 Draws,     206 Flashes
D24:  0.0550 ROUND  --       0 Draws,      32 Flashes
D25:  0.0620 ROUND  --       0 Draws,      20 Flashes
D26:  0.1100 ROUND  --       0 Draws,       6 Flashes
D27:  0.0580 ROUND  --       0 Draws,     369 Flashes
D28:  0.0580 SQUARE --       0 Draws,      51 Flashes
D29:  0.2047 ROUND  --       0 Draws,       4 Flashes
---------------------------------------------------------
 12 D-Codes      -----    1487 Draws,     860 Flashes

*********************************************************

Output file: Z:\CONTROLBOARD_PROJECT\CAD\CONTROLBOARD_CAD-23.GND

Aperture totals for Z:\CONTROLBOARD_PROJECT\CAD\CONTROLBOARD_CAD-23.GND:
---------------------------------------------------------
D20:  0.0500 ROUND  --       4 Draws,       0 Flashes
D30:  0.0720 ROUND  --       0 Draws,     206 Flashes
D31:  0.0750 ROUND  --       0 Draws,      32 Flashes
D32:  0.0800 ROUND  --       0 Draws,      20 Flashes
D33:  0.1160 ROUND  --       0 Draws,       6 Flashes
D34:  0.0780 ROUND  --       0 Draws,     369 Flashes
D35:  0.0780 SQUARE --       0 Draws,      51 Flashes
D36:  0.2362 ROUND  --       0 Draws,       4 Flashes
D37:  0.0370 ROUND  --       0 Draws,     130 Flashes
D38:  0.0370 ROUND  --       0 Draws,      42 Flashes
---------------------------------------------------------
 10 D-Codes      -----       4 Draws,     860 Flashes

*********************************************************

Output file: Z:\CONTROLBOARD_PROJECT\CAD\CONTROLBOARD_CAD-23.PWR

Aperture totals for Z:\CONTROLBOARD_PROJECT\CAD\CONTROLBOARD_CAD-23.PWR:
---------------------------------------------------------
D20:  0.0500 ROUND  --       4 Draws,       0 Flashes
D30:  0.0720 ROUND  --       0 Draws,     206 Flashes
D31:  0.0750 ROUND  --       0 Draws,      32 Flashes
D32:  0.0800 ROUND  --       0 Draws,      20 Flashes
D33:  0.1160 ROUND  --       0 Draws,       6 Flashes
D34:  0.0780 ROUND  --       0 Draws,     369 Flashes
D35:  0.0780 SQUARE --       0 Draws,      51 Flashes
D36:  0.2362 ROUND  --       0 Draws,       4 Flashes
D37:  0.0370 ROUND  --       0 Draws,     130 Flashes
D38:  0.0370 ROUND  --       0 Draws,      42 Flashes
---------------------------------------------------------
 10 D-Codes      -----       4 Draws,     860 Flashes

*********************************************************

Output file: Z:\CONTROLBOARD_PROJECT\CAD\CONTROLBOARD_CAD-23.SMT

Aperture totals for Z:\CONTROLBOARD_PROJECT\CAD\CONTROLBOARD_CAD-23.SMT:
---------------------------------------------------------
D23:  0.0520 ROUND  --       0 Draws,     206 Flashes
D24:  0.0550 ROUND  --       0 Draws,      32 Flashes
D27:  0.0580 ROUND  --       0 Draws,     369 Flashes
D28:  0.0580 SQUARE --       0 Draws,      51 Flashes
D29:  0.2047 ROUND  --       0 Draws,       4 Flashes
D39:  0.0670 ROUND  --       0 Draws,      20 Flashes
D40:  0.1150 ROUND  --       0 Draws,       6 Flashes
D41:  0.0270 ROUND  --       0 Draws,     130 Flashes
D42:  0.0270 ROUND  --       0 Draws,      42 Flashes
---------------------------------------------------------
  9 D-Codes      -----       0 Draws,     860 Flashes

*********************************************************

Output file: Z:\CONTROLBOARD_PROJECT\CAD\CONTROLBOARD_CAD-23.SMB

Aperture totals for Z:\CONTROLBOARD_PROJECT\CAD\CONTROLBOARD_CAD-23.SMB:
---------------------------------------------------------
D23:  0.0520 ROUND  --       0 Draws,     206 Flashes
D24:  0.0550 ROUND  --       0 Draws,      32 Flashes
D27:  0.0580 ROUND  --       0 Draws,     369 Flashes
D28:  0.0580 SQUARE --       0 Draws,      51 Flashes
D29:  0.2047 ROUND  --       0 Draws,       4 Flashes
D39:  0.0670 ROUND  --       0 Draws,      20 Flashes
D40:  0.1150 ROUND  --       0 Draws,       6 Flashes
D41:  0.0270 ROUND  --       0 Draws,     130 Flashes
D42:  0.0270 ROUND  --       0 Draws,      42 Flashes
---------------------------------------------------------
  9 D-Codes      -----       0 Draws,     860 Flashes

*********************************************************

Output file: Z:\CONTROLBOARD_PROJECT\CAD\CONTROLBOARD_CAD-23.SST

Aperture totals for Z:\CONTROLBOARD_PROJECT\CAD\CONTROLBOARD_CAD-23.SST:
---------------------------------------------------------
D43:  0.0080 ROUND  --    6074 Draws,       0 Flashes
D44:  0.0100 ROUND  --     118 Draws,       0 Flashes
D45:  0.0150 ROUND  --      80 Draws,       0 Flashes
---------------------------------------------------------
  3 D-Codes      -----    6272 Draws,       0 Flashes

*********************************************************

Output file: Z:\CONTROLBOARD_PROJECT\CAD\CONTROLBOARD_CAD-23.AST

Aperture totals for Z:\CONTROLBOARD_PROJECT\CAD\CONTROLBOARD_CAD-23.AST:
---------------------------------------------------------
D20:  0.0500 ROUND  --       4 Draws,       0 Flashes
D23:  0.0520 ROUND  --       0 Draws,     206 Flashes
D24:  0.0550 ROUND  --       0 Draws,      32 Flashes
D27:  0.0580 ROUND  --       0 Draws,     369 Flashes
D28:  0.0580 SQUARE --       0 Draws,      51 Flashes
D43:  0.0080 ROUND  --    8118 Draws,       0 Flashes
D44:  0.0100 ROUND  --     376 Draws,       0 Flashes
---------------------------------------------------------
  7 D-Codes      -----    8498 Draws,     658 Flashes

*********************************************************

Output file: Z:\CONTROLBOARD_PROJECT\CAD\CONTROLBOARD_CAD-23.DRD

Aperture totals for Z:\CONTROLBOARD_PROJECT\CAD\CONTROLBOARD_CAD-23.DRD:
---------------------------------------------------------
D20:  0.0500 ROUND  --       4 Draws,       0 Flashes
D44:  0.0100 ROUND  --    3765 Draws,       0 Flashes
---------------------------------------------------------
  2 D-Codes      -----    3769 Draws,       0 Flashes

*********************************************************

Output file: Z:\CONTROLBOARD_PROJECT\CAD\CONTROLBOARD_CAD-23.FAB

Aperture totals for Z:\CONTROLBOARD_PROJECT\CAD\CONTROLBOARD_CAD-23.FAB:
---------------------------------------------------------
D20:  0.0500 ROUND  --       4 Draws,       0 Flashes
D46:  0.0100 ROUND  --       0 Draws,     130 Flashes
D47:  0.0100 ROUND  --       0 Draws,      42 Flashes
---------------------------------------------------------
  3 D-Codes      -----       4 Draws,     172 Flashes


*********************************************************

Aperture totals for entire project:
---------------------------------------------------------
D10:  0.0520 ROUND  --       0 Draws,     206 Flashes
D11:  0.0550 ROUND  --       0 Draws,      32 Flashes
D12:  0.0620 ROUND  --       0 Draws,      20 Flashes
D13:  0.1100 ROUND  --       0 Draws,       6 Flashes
D14:  0.0580 ROUND  --       0 Draws,     369 Flashes
D15:  0.0580 SQUARE --       0 Draws,      51 Flashes
D16:  0.2047 ROUND  --       0 Draws,       4 Flashes
D17:  0.0010 ROUND  --    2405 Draws,       0 Flashes
D18:  0.0120 ROUND  --    2224 Draws,       0 Flashes
D19:  0.0250 ROUND  --       0 Draws,     340 Flashes
D20:  0.0500 ROUND  --     536 Draws,       0 Flashes
D21:  0.0800 ROUND  --     124 Draws,       0 Flashes
D22:  0.0250 ROUND  --       0 Draws,       4 Flashes
D23:  0.0520 ROUND  --       0 Draws,     824 Flashes
D24:  0.0550 ROUND  --       0 Draws,     128 Flashes
D25:  0.0620 ROUND  --       0 Draws,      20 Flashes
D26:  0.1100 ROUND  --       0 Draws,       6 Flashes
D27:  0.0580 ROUND  --       0 Draws,    1476 Flashes
D28:  0.0580 SQUARE --       0 Draws,     204 Flashes
D29:  0.2047 ROUND  --       0 Draws,      12 Flashes
D30:  0.0720 ROUND  --       0 Draws,     412 Flashes
D31:  0.0750 ROUND  --       0 Draws,      64 Flashes
D32:  0.0800 ROUND  --       0 Draws,      40 Flashes
D33:  0.1160 ROUND  --       0 Draws,      12 Flashes
D34:  0.0780 ROUND  --       0 Draws,     738 Flashes
D35:  0.0780 SQUARE --       0 Draws,     102 Flashes
D36:  0.2362 ROUND  --       0 Draws,       8 Flashes
D37:  0.0370 ROUND  --       0 Draws,     260 Flashes
D38:  0.0370 ROUND  --       0 Draws,      84 Flashes
D39:  0.0670 ROUND  --       0 Draws,      40 Flashes
D40:  0.1150 ROUND  --       0 Draws,      12 Flashes
D41:  0.0270 ROUND  --       0 Draws,     260 Flashes
D42:  0.0270 ROUND  --       0 Draws,      84 Flashes
D43:  0.0080 ROUND  --   14192 Draws,       0 Flashes
D44:  0.0100 ROUND  --    4259 Draws,       0 Flashes
D45:  0.0150 ROUND  --      80 Draws,       0 Flashes
D46:  0.0100 ROUND  --       0 Draws,     130 Flashes
D47:  0.0100 ROUND  --       0 Draws,      42 Flashes
---------------------------------------------------------
 38 D-Codes      -----   23820 Draws,    5990 Flashes


No warnings or errors.
